1759399149,,,/home/priyeshmishra/Documents/4. COA - Lecture 3 (Signed Data Formats) (2 Sep 2024) @M.mp4,103
1759399180,,,/home/priyeshmishra/Documents/4. COA - Lecture 3 (Signed Data Formats) (2 Sep 2024) @M.mp4,103
1759399214,,,/home/priyeshmishra/Documents/4. COA - Lecture 3 (Signed Data Formats) (2 Sep 2024) @M.mp4,103
1759399453,,,/home/priyeshmishra/Documents/4. COA - Lecture 3 (Signed Data Formats) (2 Sep 2024) @M.mp4,103
1760127955,,,/home/priyeshmishra/Downloads/Pikuma - 2D Game Physics Programming/009. Vector Magnitude.mp4,105
1760127960,,,/home/priyeshmishra/Downloads/Pikuma - 2D Game Physics Programming/010. Vector Addition & Subtraction.mp4,118
1760127962,,,/home/priyeshmishra/Downloads/Pikuma - 2D Game Physics Programming/011. Methods for Vector Addition & Subtraction.mp4,130
1760127964,,,/home/priyeshmishra/Downloads/Pikuma - 2D Game Physics Programming/012. Vector Equality.mp4,104
1760127964,,,/home/priyeshmishra/Downloads/Pikuma - 2D Game Physics Programming/013. Scaling Vectors.mp4,104
1760127966,,,/home/priyeshmishra/Downloads/Pikuma - 2D Game Physics Programming/014. Static Methods.mp4,103
1760127977,,,/home/priyeshmishra/Downloads/Pikuma - 2D Game Physics Programming/184. Contact Caching.mp4,104
1760127997,,,/home/priyeshmishra/Downloads/Pikuma - 2D Game Physics Programming/191. Conclusion & Next Steps.mp4,112
1760215257,,,/home/priyeshmishra/2025-10-12 02-10-32.mp4,56
1760215337,,,/home/priyeshmishra/Downloads/Make 5 Stunning Pro GUI Applications in C++/5 - Screen Recorder Application in C/23 - Screen Recorder App Part 4.mp4,159
1760215340,,,/home/priyeshmishra/Downloads/Make 5 Stunning Pro GUI Applications in C++/5 - Screen Recorder Application in C/24 - Screen Recorder App Part 5.mp4,159
1760215350,,,/home/priyeshmishra/Downloads/Make 5 Stunning Pro GUI Applications in C++/5 - Screen Recorder Application in C/25 - Screen Recorder App Part 6.mp4,159
1760215361,,,/home/priyeshmishra/Downloads/Make 5 Stunning Pro GUI Applications in C++/6 - PDF to Audio Book Conversion Application in C/32 - PDF to Audio Book Conversion App Part 6.mp4,185
1760251053,37,001 Breakpoints on Intermodular Calls,/home/priyeshmishra/Downloads/Udemy - Reverse Engineering 2 Windows GUI Programs/10 - Breakpoints on Intermodular Calls/001 Breakpoints on Intermodular Calls.mp4,213
1760251086,31,001 Setting Registration Status,/home/priyeshmishra/Downloads/Udemy - Reverse Engineering 2 Windows GUI Programs/20 - Setting Registration Status/001 Setting Registration Status.mp4,195
1760251136,40,001 Introduction to windows gui programs,/home/priyeshmishra/Downloads/Udemy - Reverse Engineering 2 Windows GUI Programs/02 - Introduction to windows gui programs/001 Introduction to windows gui programs.mp4,222
1760261506,,,/home/priyeshmishra/term:__~_CodeBase_OpenGL_Rfuck_src__23056:_bin_zsh;#toggleterm#1/Video_2025-10-12_15-01-00.mp4,127
1760261617,,,/home/priyeshmishra/Video_2025-10-12_15-03-19.mp4,62
1760261630,,,/home/priyeshmishra/acer-predator/keyboard.webp,60
1760261630,,,/home/priyeshmishra/Classroom of the Elite/Classroom of the Elite S1/Classroom of the Elite 1.mkv,110
1760262341,,,/home/priyeshmishra/2025-10-12 15-14-56.mp4,56
1760262659,,,/home/priyeshmishra/2025-10-12 15-20-18.mp4,56
1760288564,,,/home/priyeshmishra/2025-10-12 22-32-32.mp4,56
1760288572,,,/home/priyeshmishra/acer-predator/keyboard.webp,60
1760288572,,,/home/priyeshmishra/Classroom of the Elite/Classroom of the Elite S1/Classroom of the Elite 1.mkv,110
1760288577,,,/home/priyeshmishra/2025-10-12 22-32-32.mp4,56
1760288720,,,/home/priyeshmishra/2025-10-12 22-32-32.mp4,56
1760288723,,,/home/priyeshmishra/2025-10-12 22-34-36.mp4,56
1760288725,,,/home/priyeshmishra/2025-10-12 22-34-47.mp4,56
1760289014,,,/home/priyeshmishra/2025-10-12 22-38-27.mp4,56
1760289040,,,/home/priyeshmishra/acer-predator/keyboard.webp,60
1760289040,,,/home/priyeshmishra/Classroom of the Elite/Classroom of the Elite S1/Classroom of the Elite 1.mkv,110
1760471050,,,/home/priyeshmishra/output.mkv,43
1760471055,,,/home/priyeshmishra/acer-predator/keyboard.webp,60
1760471055,,,/home/priyeshmishra/Classroom of the Elite/Classroom of the Elite S1/Classroom of the Elite 1.mkv,110
1760471191,,,/home/priyeshmishra/output.mkv,43
1760471333,,,/home/priyeshmishra/out.mkv,40
1760471362,,,/home/priyeshmishra/output.mkv,43
1760471452,,,/home/priyeshmishra/output.mkv,43
1760471473,,,/home/priyeshmishra/output.mkv,43
1760471481,,,/home/priyeshmishra/acer-predator/keyboard.webp,60
1760471481,,,/home/priyeshmishra/Classroom of the Elite/Classroom of the Elite S1/Classroom of the Elite 1.mkv,110
1760519498,,,/home/priyeshmishra/output.mkv,43
1760519518,,,/home/priyeshmishra/Classroom of the Elite/Classroom of the Elite S1/Classroom of the Elite 1.mkv,110
1760519521,,,/home/priyeshmishra/output.mkv,43
1760519772,,,/home/priyeshmishra/output.mkv,43
1760521698,,,/home/priyeshmishra/output.mkv,43
1760531357,,,/home/priyeshmishra/output_1080p.mp4,49
1760531390,,,/home/priyeshmishra/output.mkv,43
1760536576,,,/home/priyeshmishra/toUpload.mp4,45
1760539449,,,/home/priyeshmishra/output_1080p.mp4,49
1760539455,,,/home/priyeshmishra/toUpload.mp4,45
1760539596,,,/home/priyeshmishra/toUpload.mp4,45
1760540094,,,/home/priyeshmishra/Untitled Project.mp4,53
1760543191,,,/home/priyeshmishra/Untitled Project.mp4,53
1760543350,,,/home/priyeshmishra/Untitled Project.mp4,53
1760543756,,,/home/priyeshmishra/Untitled Project.mp4,53
1760544443,,,/home/priyeshmishra/withaudio.mp4,46
1760544683,,,/home/priyeshmishra/withaudio.mp4,46
1760544748,,,/home/priyeshmishra/.cache/kioexec/krun/177199_0/Untitled Project.mp4,82
1760544983,,,/home/priyeshmishra/Untitled Project.mp4,53
1760544991,,,/home/priyeshmishra/withaudio.mp4,46
1760549012,,,/home/priyeshmishra/.cache/kioexec/krun/210391_0/4th.mp4,69
1760549017,,,/home/priyeshmishra/.cache/kioexec/krun/210537_0/3rd.mp4,69
1760549058,,,/home/priyeshmishra/.cache/kioexec/krun/210701_0/3rd.mp4,69
1760609916,,,/home/priyeshmishra/Videos/Classroom of the Elite/Classroom of the Elite S1/Classroom of the Elite 9.mkv,117
1760610785,,,/home/priyeshmishra/.cache/kioexec/krun/130171_0/Untitled Project.mp4,82
1760610791,,,/home/priyeshmishra/.cache/kioexec/krun/130763_0/withaudio.mp4,75
1760610828,,,/home/priyeshmishra/.cache/kioexec/krun/131079_0/toUpload.mp4,74
1760611211,,,/home/priyeshmishra/Videos/Classroom of the Elite/Classroom of the Elite S1/Classroom of the Elite 10.mkv,118
1760612420,,,/home/priyeshmishra/Videos/Classroom of the Elite/Classroom of the Elite S1/Classroom of the Elite 11.mkv,118
1760613640,,,/home/priyeshmishra/Videos/Classroom of the Elite/Classroom of the Elite S1/Classroom of the Elite 12.mkv,118
1760634902,,,/home/priyeshmishra/Videos/Classroom of the Elite/Classroom of the Elite S2/Classroom of the Elite - S02E06.mkv,124
1760635788,,,/home/priyeshmishra/Videos/Classroom of the Elite/Classroom of the Elite S2/Classroom of the Elite - S02E07.mkv,124
1760637452,,,/home/priyeshmishra/Videos/Classroom of the Elite/Classroom of the Elite S2/Classroom of the Elite - S02E08.mkv,124
1760638615,,,/home/priyeshmishra/Videos/Classroom of the Elite/Classroom of the Elite S2/Classroom of the Elite - S02E09.mkv,124
1760638644,,,/run/media/priyeshmishra/Medusa/Udemy/raycasting/Pikuma - Raycasting Engine Programming/01. Introduction and Learning Outcomes.mp4,143
1760722895,,,/home/priyeshmishra/Videos/Classroom of the Elite/Classroom of the Elite S2/Classroom of the Elite - S02E08.mkv,124
1760722906,,,/home/priyeshmishra/Videos/Classroom of the Elite/Classroom of the Elite S2/Classroom of the Elite - S02E09.mkv,124
1760722906,,,/home/priyeshmishra/Videos/Classroom of the Elite/Classroom of the Elite S2/Classroom of the Elite - S02E10.mkv,124
1760723835,,,/home/priyeshmishra/Videos/Classroom of the Elite/Classroom of the Elite S2/Classroom of the Elite - S02E11.mkv,124
1760724891,,,/home/priyeshmishra/Videos/Classroom of the Elite/Classroom of the Elite S2/Classroom of the Elite - S02E12.mkv,124
1760725557,,,/home/priyeshmishra/Videos/Classroom of the Elite/Classroom of the Elite S2/Classroom of the Elite - S02E13.mkv,124
1760725920,,,/home/priyeshmishra/Videos/Classroom of the Elite/Classroom of the Elite S3/[Kayoanime] Youkoso Jitsuryoku Shijou Shugi no Kyoushitsu e S3 - 02.mkv,160
1760780491,,,/home/priyeshmishra/Videos/Classroom of the Elite/Classroom of the Elite S3/[Kayoanime] Youkoso Jitsuryoku Shijou Shugi no Kyoushitsu e S3 - 05.mkv,160
1760781081,,,/home/priyeshmishra/Videos/Classroom of the Elite/Classroom of the Elite S3/[Kayoanime] Youkoso Jitsuryoku Shijou Shugi no Kyoushitsu e S3 - 06.mkv,160
1760782306,,,/home/priyeshmishra/Videos/Classroom of the Elite/Classroom of the Elite S3/[Kayoanime] Youkoso Jitsuryoku Shijou Shugi no Kyoushitsu e S3 - 07.mkv,160
1760783412,,,/home/priyeshmishra/Videos/Classroom of the Elite/Classroom of the Elite S3/[Kayoanime] Youkoso Jitsuryoku Shijou Shugi no Kyoushitsu e S3 - 08.mkv,160
1760784729,,,/home/priyeshmishra/Videos/Classroom of the Elite/Classroom of the Elite S3/[Kayoanime] Youkoso Jitsuryoku Shijou Shugi no Kyoushitsu e S3 - 09.mkv,160
1760785639,,,/home/priyeshmishra/Videos/Classroom of the Elite/Classroom of the Elite S3/[Kayoanime] Youkoso Jitsuryoku Shijou Shugi no Kyoushitsu e S3 - 10.mkv,160
1760786511,,,/home/priyeshmishra/Videos/Classroom of the Elite/Classroom of the Elite S3/[Kayoanime] Youkoso Jitsuryoku Shijou Shugi no Kyoushitsu e S3 - 11.mkv,160
1760788442,,,/home/priyeshmishra/Videos/Classroom of the Elite/Classroom of the Elite S3/[Kayoanime] Youkoso Jitsuryoku Shijou Shugi no Kyoushitsu e S3 - 12.mkv,160
1760789398,,,/home/priyeshmishra/Videos/Classroom of the Elite/Classroom of the Elite S3/[Kayoanime] Youkoso Jitsuryoku Shijou Shugi no Kyoushitsu e S3 - 13.mkv,160
1760817398,15,Death Note - 19,/home/priyeshmishra/Videos/Death Note/[Kayoanime] Death Note - 19.mkv,99
1760817466,15,Death Note - 20,/home/priyeshmishra/Videos/Death Note/[Kayoanime] Death Note - 20.mkv,99
1760818631,15,Death Note - 21,/home/priyeshmishra/Videos/Death Note/[Kayoanime] Death Note - 21.mkv,99
1760818663,15,Death Note - 20,/home/priyeshmishra/Videos/Death Note/[Kayoanime] Death Note - 20.mkv,99
1760818862,15,Death Note - 21,/home/priyeshmishra/Videos/Death Note/[Kayoanime] Death Note - 21.mkv,99
1760820038,15,Death Note - 22,/home/priyeshmishra/Videos/Death Note/[Kayoanime] Death Note - 22.mkv,99
1760821407,15,Death Note - 23,/home/priyeshmishra/Videos/Death Note/[Kayoanime] Death Note - 23.mkv,99
1760822553,15,Death Note - 24,/home/priyeshmishra/Videos/Death Note/[Kayoanime] Death Note - 24.mkv,99
1760867760,15,Death Note - 24,/home/priyeshmishra/Videos/Death Note/[Kayoanime] Death Note - 24.mkv,99
1760867777,15,Death Note - 25,/home/priyeshmishra/Videos/Death Note/[Kayoanime] Death Note - 25.mkv,99
1760892155,16,Death Note - 27 ,/home/priyeshmishra/Videos/Death Note/[Kayoanime] Death Note - 27.mkv,100
1760893674,15,Death Note - 28,/home/priyeshmishra/Videos/Death Note/[Kayoanime] Death Note - 28.mkv,99
1760894886,15,Death Note - 29,/home/priyeshmishra/Videos/Death Note/[Kayoanime] Death Note - 29.mkv,99
1760896589,15,Death Note - 30,/home/priyeshmishra/Videos/Death Note/[Kayoanime] Death Note - 30.mkv,99
1760897794,15,Death Note - 31,/home/priyeshmishra/Videos/Death Note/[Kayoanime] Death Note - 31.mkv,99
1760982810,,,/home/priyeshmishra/Downloads/usualThings/18. COA - Lecture 15 A (Addressing Modes) (25 Sep 2024).mp4,114
1761034684,,,/home/priyeshmishra/Downloads/usualThings/18. COA - Lecture 15 A (Addressing Modes) (25 Sep 2024).mp4,114
1761070106,,,/home/priyeshmishra/Downloads/usualThings/18. COA - Lecture 15 A (Addressing Modes) (25 Sep 2024).mp4,114
1761225860,,,/home/priyeshmishra/output.mkv,43
1761459699,,,/run/media/priyeshmishra/Suzanne/udemy/UE5 gamedev.tv/1. Getting Started/1. Introduction.mp4,105
1761459772,,,/run/media/priyeshmishra/Suzanne/udemy/UE5 gamedev.tv/2. Realistic Landscapes/1. Quixel Bridge.mp4,111
1761459799,,,/run/media/priyeshmishra/Suzanne/udemy/UE5 gamedev.tv/10. Collision and Overlaps/1. Collision Presets.mp4,118
1761459848,49,003 Understanding The Depth First Search Approach,/tmp/ark-ioHnVR/Udemy - Master the Coding Interview Big Tech (FAANG) Interviews (2024-5)/19 - Binary Trees - Question #17 - Right Side View of Tree (Medium)/003 Understanding The Depth First Search Approach.mp4,274
1761469800,,,/home/priyeshmishra/pingPong.mkv,45
1761469954,,,/home/priyeshmishra/2dBall.mkv,43
1761469957,,,/home/priyeshmishra/pingPong.mkv,45
1761470077,,,/home/priyeshmishra/2dBallSticky.mkv,49
1761470307,,,/home/priyeshmishra/red.mkv,40
1761470655,,,/home/priyeshmishra/blue.mkv,41
1761470658,,,/home/priyeshmishra/green.mkv,42
1761470660,,,/home/priyeshmishra/red.mkv,40
1761470663,,,/home/priyeshmishra/2dBallSticky.mkv,49
1761470665,,,/home/priyeshmishra/pingPong.mkv,45
1761470847,,,/home/priyeshmishra/colored.mkv,44
1761472166,,,/home/priyeshmishra/ld.mp4,39
1761472173,,,/home/priyeshmishra/pingPong.mkv,45
1761472589,,,/home/priyeshmishra/ld.mp4,39
1761472874,,,/home/priyeshmishra/ld.mp4,39
1761472874,,,/home/priyeshmishra/pingPong.mkv,45
1761472901,,,/home/priyeshmishra/ld.mp4,39
1761472913,,,/home/priyeshmishra/pingPong.mkv,45
1761472917,,,/home/priyeshmishra/green.mkv,42
1761473170,,,/home/priyeshmishra/ld.mp4,39
1761473704,,,/home/priyeshmishra/final.mp4,42
1761473727,,,/home/priyeshmishra/green.mkv,42
1761473918,,,/home/priyeshmishra/green.mkv,42
1761474229,,,/home/priyeshmishra/final1.mp4,43
1761474667,,,/home/priyeshmishra/final2.mp4,43
1761474962,,,/home/priyeshmishra/final3.mp4,43
1761475394,,,/home/priyeshmishra/final4.mp4,43
1761475414,,,/home/priyeshmishra/green.mkv,42
1761475509,,,/home/priyeshmishra/final4.mp4,43
1761475639,,,/home/priyeshmishra/Untitled Project.mp4,53
1761475960,,,/home/priyeshmishra/CodeBase/OpenGL/Opengl project video/1st.mp4,77
1761475970,,,/home/priyeshmishra/CodeBase/OpenGL/Opengl project video/2nd.mp4,77
1761475976,,,/home/priyeshmishra/CodeBase/OpenGL/Opengl project video/3rd.mp4,77
1761475986,,,/home/priyeshmishra/final.mp4,42
1761475994,,,/home/priyeshmishra/final4.mp4,43
1761476101,,,/home/priyeshmishra/final4.mp4,43
1761476232,,,/home/priyeshmishra/final4.mp4,43
1761478359,,,/home/priyeshmishra/Untitled Project.mp4,53
1761478378,,,/home/priyeshmishra/CodeBase/OpenGL/Opengl project video/3rd.mp4,77
1761478922,,,/home/priyeshmishra/6th.Final(with audio).mp4,58
1761479039,,,/home/priyeshmishra/6th.Final(with audio).mp4,58
1761479177,,,/home/priyeshmishra/6th.Final(with audio).mp4,58
1761499625,,,/home/priyeshmishra/Downloads/notification_sound/18.mp3,68
1761499630,,,/home/priyeshmishra/Downloads/notification_sound/11.mp3,68
1761499633,,,/home/priyeshmishra/Downloads/notification_sound/12.mp3,68
1761499722,,,/home/priyeshmishra/Downloads/Video-110.mp4,56
1761499725,,,/home/priyeshmishra/Downloads/notification_sound/13.mp3,68
1761500541,,,/home/priyeshmishra/Downloads/notification_sound/1.mp3,67
1761500547,,,/home/priyeshmishra/Downloads/notification_sound/2.mp3,67
1761500550,,,/home/priyeshmishra/Downloads/notification_sound/3.mp3,67
1761500552,,,/home/priyeshmishra/Downloads/notification_sound/4.mp3,67
1761500554,,,/home/priyeshmishra/Downloads/notification_sound/5.mp3,67
1761500556,,,/home/priyeshmishra/Downloads/notification_sound/6.mp3,67
1761500557,,,/home/priyeshmishra/Downloads/notification_sound/7.mp3,67
1761500559,,,/home/priyeshmishra/Downloads/notification_sound/8.mp3,67
1761500561,,,/home/priyeshmishra/Downloads/notification_sound/9.mp3,67
1761500563,,,/home/priyeshmishra/Downloads/notification_sound/10.mp3,68
1761500565,,,/home/priyeshmishra/Downloads/notification_sound/11.mp3,68
1761500568,,,/home/priyeshmishra/Downloads/notification_sound/12.mp3,68
1761500569,,,/home/priyeshmishra/Downloads/notification_sound/13.mp3,68
1761500569,,,/home/priyeshmishra/Downloads/notification_sound/14.mp3,68
1761500570,,,/home/priyeshmishra/Downloads/notification_sound/15.mp3,68
1761500571,,,/home/priyeshmishra/Downloads/notification_sound/16.mp3,68
1761500572,,,/home/priyeshmishra/Downloads/notification_sound/17.mp3,68
1761500574,,,/home/priyeshmishra/Downloads/notification_sound/18.mp3,68
1761500708,,,/home/priyeshmishra/Untitled Project.mp4,53
1761500711,,,/home/priyeshmishra/CodeBase/OpenGL/Opengl project video/3rd.mp4,77
1761500714,,,/home/priyeshmishra/Untitled Project.mp4,53
1761677940,,,/home/priyeshmishra/Downloads/notification tone.mp4,64
1761677943,,,/home/priyeshmishra/Downloads/usualThings/18. COA - Lecture 15 A (Addressing Modes) (25 Sep 2024).mp4,114
