    OpenRGB vv1.0.0.0
    Commit: 555 from 20220125
    Launched: 20250218_161102
====================================================================================================

5047  |Info:    ------------------------------------------------------
5047  |Info:    |               Start device detection               |
5047  |Info:    ------------------------------------------------------
5266  |Info:    [AcerECKeyboard Device] Registering RGB controller
5503  |Info:    Initializing HID interfaces: Success
5516  |Info:    ------------------------------------------------------
5516  |Info:    |             Detecting I2C interfaces               |
5516  |Info:    ------------------------------------------------------
5545  |Info:    WMI query failed, i801 I2C bus detection aborted
5816  |Info:    Registering I2C interface: NVidia NvAPI I2C on GPU 0 Device 10DE:28E1 Subsystem: 1025:170F
5816  |Info:    WMI query failed, piix4 I2C bus detection aborted
5816  |Info:    ------------------------------------------------------
5816  |Info:    |               Detecting I2C devices                |
5816  |Info:    ------------------------------------------------------
5817  |Info:    ------------------------------------------------------
5817  |Info:    |               Detecting HID devices                |
5817  |Info:    ------------------------------------------------------
5817  |Info:    ------------------------------------------------------
5817  |Info:    |              Detecting other devices               |
5817  |Info:    ------------------------------------------------------
6043  |Info:    ------------------------------------------------------
6043  |Info:    |                Detection completed                 |
6043  |Info:    ------------------------------------------------------
6043  |Dialog:  <h2>WARNING:</h2><p>One or more I2C/SMBus interfaces failed to initialize.</p><p>RGB DRAM modules and some motherboards' onboard RGB lighting will not be available without I2C/SMBus.</p><p>On Windows, this is usually caused by a failure to load the inpout32 driver.  You must run OpenRGB as administrator at least once to allow inpout32 to set up.</p><p>See <a href='https://help.openrgb.org/'>help.openrgb.org</a> for additional troubleshooting steps if you keep seeing this message.<br></p>
