    OpenRGB vv1.0.0.0
    Commit: 555 from 20220125
    Launched: 20250216_131148
====================================================================================================

5073  |Info:    ------------------------------------------------------
5073  |Info:    |               Start device detection               |
5073  |Info:    ------------------------------------------------------
5229  |Info:    [AcerECKeyboard Device] Registering RGB controller
5461  |Info:    Initializing HID interfaces: Success
5485  |Info:    ------------------------------------------------------
5485  |Info:    |             Detecting I2C interfaces               |
5485  |Info:    ------------------------------------------------------
5515  |Info:    WMI query failed, i801 I2C bus detection aborted
5561  |Info:    Registering I2C interface: NVidia NvAPI I2C on GPU 0 Device 10DE:28E1 Subsystem: 1025:170F
5562  |Info:    WMI query failed, piix4 I2C bus detection aborted
5562  |Info:    ------------------------------------------------------
5562  |Info:    |               Detecting I2C devices                |
5562  |Info:    ------------------------------------------------------
5562  |Info:    ------------------------------------------------------
5562  |Info:    |               Detecting HID devices                |
5562  |Info:    ------------------------------------------------------
5562  |Info:    ------------------------------------------------------
5562  |Info:    |              Detecting other devices               |
5562  |Info:    ------------------------------------------------------
5804  |Info:    ------------------------------------------------------
5804  |Info:    |                Detection completed                 |
5804  |Info:    ------------------------------------------------------
5804  |Dialog:  <h2>WARNING:</h2><p>One or more I2C/SMBus interfaces failed to initialize.</p><p>RGB DRAM modules and some motherboards' onboard RGB lighting will not be available without I2C/SMBus.</p><p>On Windows, this is usually caused by a failure to load the inpout32 driver.  You must run OpenRGB as administrator at least once to allow inpout32 to set up.</p><p>See <a href='https://help.openrgb.org/'>help.openrgb.org</a> for additional troubleshooting steps if you keep seeing this message.<br></p>
