    OpenRGB vv1.0.0.0
    Commit: 555 from 20220125
    Launched: 20250214_200129
====================================================================================================

5033  |Info:    Saving detector settings
5035  |Info:    ------------------------------------------------------
5035  |Info:    |               Start device detection               |
5035  |Info:    ------------------------------------------------------
5125  |Info:    [AcerECKeyboard Device] Registering RGB controller
5267  |Info:    Initializing HID interfaces: Success
5277  |Info:    ------------------------------------------------------
5277  |Info:    |             Detecting I2C interfaces               |
5277  |Info:    ------------------------------------------------------
5287  |Info:    WMI query failed, i801 I2C bus detection aborted
5298  |Info:    Registering I2C interface: NVidia NvAPI I2C on GPU 0 Device 10DE:28E1 Subsystem: 1025:170F
5298  |Info:    WMI query failed, piix4 I2C bus detection aborted
5298  |Info:    ------------------------------------------------------
5298  |Info:    |               Detecting I2C devices                |
5298  |Info:    ------------------------------------------------------
5299  |Info:    ------------------------------------------------------
5299  |Info:    |               Detecting HID devices                |
5299  |Info:    ------------------------------------------------------
5299  |Info:    ------------------------------------------------------
5299  |Info:    |              Detecting other devices               |
5299  |Info:    ------------------------------------------------------
5400  |Info:    ------------------------------------------------------
5400  |Info:    |                Detection completed                 |
5400  |Info:    ------------------------------------------------------
5400  |Dialog:  <h2>WARNING:</h2><p>One or more I2C/SMBus interfaces failed to initialize.</p><p>RGB DRAM modules and some motherboards' onboard RGB lighting will not be available without I2C/SMBus.</p><p>On Windows, this is usually caused by a failure to load the inpout32 driver.  You must run OpenRGB as administrator at least once to allow inpout32 to set up.</p><p>See <a href='https://help.openrgb.org/'>help.openrgb.org</a> for additional troubleshooting steps if you keep seeing this message.<br></p>
